<?xml version="1.0" encoding="UTF-8"?>
<testng-results ignored="0" total="1" passed="1" failed="0" skipped="0">
  <reporter-output>
  </reporter-output>
  <suite started-at="2021-06-30T12:51:42 CEST" name="Default suite" finished-at="2021-06-30T12:52:02 CEST" duration-ms="19941">
    <groups>
    </groups>
    <test started-at="2021-06-30T12:51:42 CEST" name="Default test" finished-at="2021-06-30T12:52:02 CEST" duration-ms="19941">
      <class name="Selenium_Webdriver.Selenium_webdriver_01.Test_01">
        <test-method signature="Test_Google()[pri:0, instance:Selenium_Webdriver.Selenium_webdriver_01.Test_01@129b4fe2]" started-at="2021-06-30T12:51:43 CEST" name="Test_Google" finished-at="2021-06-30T12:52:02 CEST" duration-ms="19869" status="PASS">
          <reporter-output>
          </reporter-output>
        </test-method> <!-- Test_Google -->
      </class> <!-- Selenium_Webdriver.Selenium_webdriver_01.Test_01 -->
    </test> <!-- Default test -->
  </suite> <!-- Default suite -->
</testng-results>
