<?xml version="1.0" encoding="UTF-8"?>
<testng-results ignored="0" total="1" passed="1" failed="0" skipped="0">
  <reporter-output>
  </reporter-output>
  <suite started-at="2021-07-05T13:57:53 CEST" name="Default suite" finished-at="2021-07-05T13:58:19 CEST" duration-ms="26595">
    <groups>
    </groups>
    <test started-at="2021-07-05T13:57:53 CEST" name="Default test" finished-at="2021-07-05T13:58:19 CEST" duration-ms="26595">
      <class name="Selenium_Webdriver.Selenium_webdriver_01.Test_01">
        <test-method signature="Test_Google(java.lang.String,java.lang.String)[pri:0, instance:Selenium_Webdriver.Selenium_webdriver_01.Test_01@7bab3f1a]" started-at="2021-07-05T13:57:54 CEST" name="Test_Google" data-provider="excelData" finished-at="2021-07-05T13:58:19 CEST" duration-ms="25438" status="PASS">
          <params>
            <param index="0">
              <value>
                <![CDATA[krisshpa]]>
              </value>
            </param>
            <param index="1">
              <value>
                <![CDATA[aA9871943907@]]>
              </value>
            </param>
          </params>
          <reporter-output>
          </reporter-output>
        </test-method> <!-- Test_Google -->
      </class> <!-- Selenium_Webdriver.Selenium_webdriver_01.Test_01 -->
    </test> <!-- Default test -->
  </suite> <!-- Default suite -->
</testng-results>
